2022/12/31 15:30:56 app,line: 22     INFO | Logger object created successfully..
2022/12/31 15:30:56 app,line: 26     INFO | dash-trading started
2022/12/31 15:32:00 app,line: 22     INFO | Logger object created successfully..
2022/12/31 15:32:00 app,line: 26     INFO | dash-trading started
2022/12/31 15:33:09 app,line: 22     INFO | Logger object created successfully..
2022/12/31 15:33:09 app,line: 26     INFO | dash-trading started
2022/12/31 15:33:12 dash,line: 1968     INFO | Dash is running on http://127.0.0.1:8055/

2022/12/31 15:33:14 app,line: 22     INFO | Logger object created successfully..
2022/12/31 15:33:14 app,line: 26     INFO | dash-trading started
2022/12/31 15:39:43 app,line: 22     INFO | Logger object created successfully..
2022/12/31 15:39:43 app,line: 26     INFO | dash-trading started
2022/12/31 15:39:44 dash,line: 1968     INFO | Dash is running on http://127.0.0.1:8055/

2022/12/31 15:39:45 app,line: 22     INFO | Logger object created successfully..
2022/12/31 15:39:45 app,line: 26     INFO | dash-trading started
2023/01/02 16:57:09 app,line: 22     INFO | Logger object created successfully..
2023/01/02 16:57:09 app,line: 26     INFO | dash-trading started
2023/01/02 16:57:12 dash,line: 1968     INFO | Dash is running on http://127.0.0.1:8055/

2023/01/02 16:57:13 app,line: 22     INFO | Logger object created successfully..
2023/01/02 16:57:13 app,line: 26     INFO | dash-trading started
2023/01/03 15:02:35 app,line: 22     INFO | Logger object created successfully..
2023/01/03 15:02:35 app,line: 26     INFO | dash-trading started
2023/01/03 15:06:52 app,line: 22     INFO | Logger object created successfully..
2023/01/03 15:06:52 app,line: 26     INFO | dash-trading started
2023/01/03 15:06:54 dash,line: 1968     INFO | Dash is running on http://127.0.0.1:8055/

2023/01/03 15:06:55 app,line: 22     INFO | Logger object created successfully..
2023/01/03 15:06:55 app,line: 26     INFO | dash-trading started
2023/01/03 15:42:02 app,line: 22     INFO | Logger object created successfully..
2023/01/03 15:42:02 app,line: 26     INFO | dash-trading started
2023/01/03 15:42:04 dash,line: 1968     INFO | Dash is running on http://127.0.0.1:8055/

2023/01/03 15:42:06 app,line: 22     INFO | Logger object created successfully..
2023/01/03 15:42:06 app,line: 26     INFO | dash-trading started
2023/01/03 15:47:14 app,line: 22     INFO | Logger object created successfully..
2023/01/03 15:47:14 app,line: 26     INFO | dash-trading started
2023/01/03 15:47:16 dash,line: 1968     INFO | Dash is running on http://127.0.0.1:8055/

2023/01/03 15:47:17 app,line: 22     INFO | Logger object created successfully..
2023/01/03 15:47:17 app,line: 26     INFO | dash-trading started
2023/01/03 15:53:22 app,line: 22     INFO | Logger object created successfully..
2023/01/03 15:53:22 app,line: 26     INFO | dash-trading started
2023/01/03 15:53:25 dash,line: 1968     INFO | Dash is running on http://127.0.0.1:8055/

2023/01/03 15:53:27 app,line: 22     INFO | Logger object created successfully..
2023/01/03 15:53:27 app,line: 26     INFO | dash-trading started
2023/01/03 15:57:02 DataInterfaceHelper,line: 143    ERROR | "['Dividends'] not found in axis"
2023/01/03 15:57:14 DataInterfaceHelper,line: 143    ERROR | "['Dividends'] not found in axis"
2023/01/03 15:58:07 DataInterfaceHelper,line: 143    ERROR | "['Dividends'] not found in axis"
2023/01/03 15:58:09 DataInterfaceHelper,line: 143    ERROR | "['Dividends'] not found in axis"
2023/01/03 15:58:09 DataInterfaceHelper,line: 143    ERROR | "['Dividends'] not found in axis"
2023/01/03 15:58:12 DataInterfaceHelper,line: 143    ERROR | "['Dividends'] not found in axis"
2023/01/03 15:58:51 DataInterfaceHelper,line: 143    ERROR | "['Dividends'] not found in axis"
2023/01/03 16:11:47 app,line: 22     INFO | Logger object created successfully..
2023/01/03 16:11:47 app,line: 26     INFO | dash-trading started
2023/01/03 16:11:49 dash,line: 1968     INFO | Dash is running on http://127.0.0.1:8055/

2023/01/03 16:11:49 app,line: 22     INFO | Logger object created successfully..
2023/01/03 16:11:49 app,line: 26     INFO | dash-trading started
2023/01/03 17:01:20 DataInterfaceHelper,line: 143    ERROR | "['Dividends'] not found in axis"
2023/01/03 17:01:48 DataInterfaceHelper,line: 143    ERROR | "['Dividends'] not found in axis"
2023/01/03 17:01:50 DataInterfaceHelper,line: 143    ERROR | "['Dividends'] not found in axis"
2023/01/03 17:01:50 DataInterfaceHelper,line: 143    ERROR | "['Dividends'] not found in axis"
2023/01/03 17:01:52 DataInterfaceHelper,line: 143    ERROR | "['Dividends'] not found in axis"
2023/01/03 17:01:52 DataInterfaceHelper,line: 143    ERROR | "['Dividends'] not found in axis"
2023/01/03 17:02:02 DataInterfaceHelper,line: 127    ERROR | index 0 is out of bounds for axis 0 with size 0
2023/01/03 17:02:14 DataInterfaceHelper,line: 143    ERROR | "['Dividends'] not found in axis"
2023/01/03 17:02:14 DataInterfaceHelper,line: 143    ERROR | "['Dividends'] not found in axis"
2023/01/03 17:02:20 DataInterfaceHelper,line: 143    ERROR | "['Dividends'] not found in axis"
2023/01/03 17:02:21 DataInterfaceHelper,line: 143    ERROR | "['Dividends'] not found in axis"
2023/01/03 17:02:27 DataInterfaceHelper,line: 143    ERROR | "['Dividends'] not found in axis"
2023/01/03 17:02:28 DataInterfaceHelper,line: 143    ERROR | "['Dividends'] not found in axis"
2023/01/03 17:02:35 DataInterfaceHelper,line: 143    ERROR | "['Dividends'] not found in axis"
2023/01/03 17:02:40 DataInterfaceHelper,line: 143    ERROR | "['Dividends'] not found in axis"
2023/01/03 17:02:46 DataInterfaceHelper,line: 143    ERROR | "['Dividends'] not found in axis"
2023/01/03 17:02:47 DataInterfaceHelper,line: 143    ERROR | "['Dividends'] not found in axis"
2023/01/03 17:02:52 DataInterfaceHelper,line: 143    ERROR | "['Dividends'] not found in axis"
2023/01/03 17:02:54 DataInterfaceHelper,line: 143    ERROR | "['Dividends'] not found in axis"
2023/01/03 17:02:56 DataInterfaceHelper,line: 143    ERROR | "['Dividends'] not found in axis"
2023/01/03 17:03:07 DataInterfaceHelper,line: 143    ERROR | "['Dividends'] not found in axis"
2023/01/03 17:03:07 DataInterfaceHelper,line: 143    ERROR | "['Dividends'] not found in axis"
2023/01/03 17:03:10 DataInterfaceHelper,line: 143    ERROR | "['Dividends'] not found in axis"
2023/01/03 17:03:10 DataInterfaceHelper,line: 143    ERROR | "['Dividends'] not found in axis"
2023/01/03 17:03:18 DataInterfaceHelper,line: 143    ERROR | "['Dividends'] not found in axis"
2023/01/03 17:03:24 DataInterfaceHelper,line: 143    ERROR | "['Dividends'] not found in axis"
2023/01/03 17:03:27 DataInterfaceHelper,line: 143    ERROR | "['Dividends'] not found in axis"
2023/01/03 17:03:33 DataInterfaceHelper,line: 143    ERROR | "['Dividends'] not found in axis"
2023/01/03 17:03:37 DataInterfaceHelper,line: 143    ERROR | "['Dividends'] not found in axis"
2023/01/03 17:03:40 DataInterfaceHelper,line: 143    ERROR | "['Dividends'] not found in axis"
2023/01/03 17:03:42 DataInterfaceHelper,line: 143    ERROR | "['Dividends'] not found in axis"
2023/01/03 17:03:42 DataInterfaceHelper,line: 143    ERROR | "['Dividends'] not found in axis"
2023/01/03 17:03:43 DataInterfaceHelper,line: 143    ERROR | "['Dividends'] not found in axis"
2023/01/03 17:03:57 DataInterfaceHelper,line: 143    ERROR | "['Dividends'] not found in axis"
2023/01/03 17:03:58 DataInterfaceHelper,line: 143    ERROR | "['Dividends'] not found in axis"
2023/01/03 17:04:15 DataInterfaceHelper,line: 143    ERROR | "['Dividends'] not found in axis"
2023/01/03 17:04:19 DataInterfaceHelper,line: 143    ERROR | "['Dividends'] not found in axis"
2023/01/03 17:04:22 DataInterfaceHelper,line: 143    ERROR | "['Dividends'] not found in axis"
2023/01/03 17:04:22 DataInterfaceHelper,line: 143    ERROR | "['Dividends'] not found in axis"
2023/01/03 17:04:25 DataInterfaceHelper,line: 143    ERROR | "['Dividends'] not found in axis"
2023/01/03 17:04:27 DataInterfaceHelper,line: 143    ERROR | "['Dividends'] not found in axis"
2023/01/03 17:04:41 DataInterfaceHelper,line: 143    ERROR | "['Dividends'] not found in axis"
2023/01/03 17:04:41 DataInterfaceHelper,line: 143    ERROR | "['Dividends'] not found in axis"
2023/01/03 17:04:42 DataInterfaceHelper,line: 143    ERROR | "['Dividends'] not found in axis"
2023/01/03 17:04:45 DataInterfaceHelper,line: 127    ERROR | index 0 is out of bounds for axis 0 with size 0
2023/01/03 17:04:46 DataInterfaceHelper,line: 143    ERROR | "['Dividends'] not found in axis"
2023/01/03 17:05:02 DataInterfaceHelper,line: 143    ERROR | "['Dividends'] not found in axis"
2023/01/03 17:05:04 DataInterfaceHelper,line: 143    ERROR | "['Dividends'] not found in axis"
2023/01/03 17:05:05 DataInterfaceHelper,line: 143    ERROR | "['Dividends'] not found in axis"
2023/01/03 17:05:08 DataInterfaceHelper,line: 143    ERROR | "['Dividends'] not found in axis"
2023/01/04 11:43:15 DataInterfaceHelper,line: 143    ERROR | "['Dividends'] not found in axis"
2023/01/04 12:10:39 app,line: 22     INFO | Logger object created successfully..
2023/01/04 12:10:39 app,line: 26     INFO | dash-trading started
